\BOOKMARK [0][]{hutbchapter.1.0}{\376\377\142\111\230\165}{}% 1
\BOOKMARK [0][]{hutbchapter.2.0}{\376\377\130\360\146\016}{}% 2
\BOOKMARK [0][]{hutbchapter.3.0}{\376\377\116\055\145\207\144\130\211\201}{}% 3
\BOOKMARK [0][]{hutbchapter.4.0}{\376\377\202\361\145\207\144\130\211\201}{}% 4
\BOOKMARK [0][]{hutbchapter.5.0}{\376\377\166\356\137\125}{}% 5
\BOOKMARK [0][]{chapter.1}{\376\377\173\054\0001\172\340\000\040\000\040\137\025\212\000}{}% 6
\BOOKMARK [1][-]{section.1.1}{\376\377\0001\000.\0001\000\040\170\024\172\166\200\314\146\157}{chapter.1}% 7
\BOOKMARK [1][-]{section.1.2}{\376\377\0001\000.\0002\000\040\170\024\172\166\166\356\166\204\124\214\141\017\116\111}{chapter.1}% 8
\BOOKMARK [2][-]{subsection.1.2.1}{\376\377\0001\000.\0002\000.\0001\000\040\170\024\172\166\166\356\166\204}{section.1.2}% 9
\BOOKMARK [2][-]{subsection.1.2.2}{\376\377\0001\000.\0002\000.\0002\000\040\141\017\116\111}{section.1.2}% 10
\BOOKMARK [1][-]{section.1.3}{\376\377\0001\000.\0003\000\040\170\024\172\166\145\271\154\325}{chapter.1}% 11
\BOOKMARK [1][-]{section.1.4}{\376\377\0001\000.\0004\000\040\122\033\145\260\160\271}{chapter.1}% 12
\BOOKMARK [0][]{chapter.2}{\376\377\173\054\0002\172\340\000\040\000\040\126\376\210\150\171\072\117\213}{}% 13
\BOOKMARK [1][-]{section.2.1}{\376\377\0002\000.\0001\000\040\126\376\162\107\116\016\136\003\134\100}{chapter.2}% 14
\BOOKMARK [2][-]{subsection.2.1.1}{\376\377\0002\000.\0001\000.\0001\000\040\143\322\126\376}{section.2.1}% 15
\BOOKMARK [2][-]{subsection.2.1.2}{\376\377\0002\000.\0001\000.\0002\000\040\152\052\124\021\136\003\134\100}{section.2.1}% 16
\BOOKMARK [1][-]{section.2.2}{\376\377\0002\000.\0002\000\040\176\265\124\021\136\003\134\100}{chapter.2}% 17
\BOOKMARK [1][-]{section.2.3}{\376\377\0002\000.\0003\000\040\172\326\143\222\131\032\126\376\152\052\143\222\136\003\134\100}{chapter.2}% 18
\BOOKMARK [1][-]{section.2.4}{\376\377\0002\000.\0004\000\040\152\052\143\222\131\032\126\376\172\326\143\222\136\003\134\100}{chapter.2}% 19
\BOOKMARK [0][]{chapter.3}{\376\377\173\054\0003\172\340\000\040\000\040\210\150\150\074\143\322\121\145\171\072\117\213}{}% 20
\BOOKMARK [0][]{chapter.4}{\376\377\173\054\0004\172\340\000\040\000\040\121\154\137\017\143\322\121\145\171\072\117\213}{}% 21
\BOOKMARK [0][]{chapter.5}{\376\377\173\054\0005\172\340\000\040\000\040\137\025\165\050\145\207\163\056\150\007\154\350}{}% 22
\BOOKMARK [1][-]{section.5.1}{\376\377\0005\000.\0001\000\040\230\172\136\217\177\026\170\001}{chapter.5}% 23
\BOOKMARK [1][-]{section.5.2}{\376\377\0005\000.\0002\000\040\203\267\123\326\000B\000i\000b\000T\000e\000X\150\074\137\017\175\042\137\025}{chapter.5}% 24
\BOOKMARK [1][-]{section.5.3}{\376\377\0005\000.\0003\000\040\123\302\200\003\145\207\163\056\143\322\121\145\171\072\117\213}{chapter.5}% 25
\BOOKMARK [0][]{section.5.3}{\376\377\201\364\214\042}{}% 26
\BOOKMARK [0][]{chapter*.15}{\376\377\123\302\200\003\145\207\163\056}{}% 27
\BOOKMARK [0][]{appendix.A}{\376\377\226\104\137\125\000\040\000A\000\040\000\040\226\104\137\125\116\343\170\001}{}% 28
\BOOKMARK [1][-]{section.A.1}{\376\377\000A\000.\0001\000\040\130\006\156\242\121\372\150\300\155\113\173\227\154\325}{appendix.A}% 29
\BOOKMARK [1][-]{section.A.2}{\376\377\000A\000.\0002\000\040\000K\000M\000P\173\227\154\325\000C\000+\000+\143\317\217\360}{appendix.A}% 30
\BOOKMARK [0][]{appendix.B}{\376\377\226\104\137\125\000\040\000B\000\040\000\040\136\267\142\130\134\024\217\251\217\236\137\125\377\032\145\160\133\146\166\204\201\352\165\061\116\016\122\066\176\246}{}% 31
