\BOOKMARK [0][]{hutbchapter.1.0}{\376\377\142\111\230\165}{}% 1
\BOOKMARK [0][]{hutbchapter.2.0}{\376\377\130\360\146\016}{}% 2
\BOOKMARK [0][]{hutbchapter.3.0}{\376\377\116\055\145\207\144\130\211\201}{}% 3
\BOOKMARK [0][]{hutbchapter.4.0}{\376\377\202\361\145\207\144\130\211\201}{}% 4
\BOOKMARK [0][]{hutbchapter.5.0}{\376\377\166\356\137\125}{}% 5
\BOOKMARK [0][]{chapter.1}{\376\377\173\054\0001\172\340\000\040\000\040\000.\000\040\176\352\213\272}{}% 6
\BOOKMARK [1][-]{section.1.1}{\376\377\0001\000.\0001\000\040\170\024\172\166\200\314\146\157\123\312\141\017\116\111}{chapter.1}% 7
\BOOKMARK [1][-]{section.1.2}{\376\377\0001\000.\0002\000\040\126\375\121\205\131\026\170\024\172\166\163\260\162\266}{chapter.1}% 8
\BOOKMARK [2][-]{subsection.1.2.1}{\376\377\0001\000.\0002\000.\0001\000\040\126\375\121\205\170\024\172\166\163\260\162\266}{section.1.2}% 9
\BOOKMARK [2][-]{subsection.1.2.2}{\376\377\0001\000.\0002\000.\0002\000\040\126\375\131\026\170\024\172\166\163\260\162\266}{section.1.2}% 10
\BOOKMARK [1][-]{section.1.3}{\376\377\0001\000.\0003\000\040\147\054\145\207\176\323\147\204\150\106\147\266}{chapter.1}% 11
\BOOKMARK [0][]{chapter.2}{\376\377\173\054\0002\172\340\000\040\000\040\170\024\172\166\164\006\213\272\127\372\170\100}{}% 12
\BOOKMARK [1][-]{section.2.1}{\376\377\0002\000.\0001\000\040\200\214\200\211\232\250\232\274\174\373\176\337\136\372\152\041}{chapter.2}% 13
\BOOKMARK [2][-]{subsection.2.1.1}{\376\377\0002\000.\0001\000.\0001\000\040\116\272\117\123\200\214\200\211\232\250\232\274\176\323\147\204\116\016\122\250\122\233\133\146\162\171\140\047}{section.2.1}% 14
\BOOKMARK [2][-]{subsection.2.1.2}{\376\377\0002\000.\0001\000.\0002\000\040\171\136\176\317\177\121\176\334\173\227\154\325}{section.2.1}% 15
\BOOKMARK [2][-]{subsection.2.1.3}{\376\377\0002\000.\0001\000.\0003\000\040\000S\000M\000P\000L\000\040\123\302\145\160\123\026\116\272\117\123\152\041\127\213}{section.2.1}% 16
\BOOKMARK [1][-]{section.2.2}{\376\377\0002\000.\0002\000\040\217\320\122\250\152\041\116\377\133\146\116\140\164\006\213\272}{chapter.2}% 17
\BOOKMARK [1][-]{section.2.3}{\376\377\0002\000.\0003\000\040\137\072\123\026\133\146\116\140\116\016\155\361\136\246\137\072\123\026\133\146\116\140\164\006\213\272}{chapter.2}% 18
\BOOKMARK [1][-]{section.2.4}{\376\377\0002\000.\0004\000\040\217\320\122\250\152\041\116\377\221\317\123\026\213\304\117\060\117\123\174\373}{chapter.2}% 19
\BOOKMARK [1][-]{section.2.5}{\376\377\0002\000.\0005\000\040\000K\000i\000n\000e\000s\000i\000s\000\040\116\377\167\037\136\163\123\360\116\016\000\040\000M\000u\000J\000o\000C\000o\000\040\162\151\164\006\137\025\144\316}{chapter.2}% 20
\BOOKMARK [0][]{chapter.3}{\376\377\173\054\0003\172\340\000\040\000\040\127\372\116\216\217\320\122\250\152\041\116\377\166\204\165\037\162\151\124\010\164\006\200\214\200\211\232\250\232\274\217\320\122\250\143\247\122\066}{}% 21
\BOOKMARK [1][-]{section.3.1}{\376\377\0003\000.\0001\000\040\174\373\176\337\147\266\147\204}{chapter.3}% 22
\BOOKMARK [2][-]{subsection.3.1.1}{\376\377\0003\000.\0001\000.\0001\000\040\145\164\117\123\147\266\147\204}{section.3.1}% 23
\BOOKMARK [2][-]{subsection.3.1.2}{\376\377\0003\000.\0001\000.\0002\000\040\152\041\127\127\225\364\116\244\116\222}{section.3.1}% 24
\BOOKMARK [1][-]{section.3.2}{\376\377\0003\000.\0002\000\040\217\320\122\250\145\160\143\156\131\004\164\006}{chapter.3}% 25
\BOOKMARK [1][-]{section.3.3}{\376\377\0003\000.\0003\000\040\217\320\122\250\152\041\116\377\173\227\154\325\213\276\213\241}{chapter.3}% 26
\BOOKMARK [1][-]{section.3.4}{\376\377\0003\000.\0004\000\040\165\037\162\151\124\010\164\006\140\047\176\246\147\137}{chapter.3}% 27
\BOOKMARK [1][-]{section.3.5}{\376\377\0003\000.\0005\000\040\173\227\154\325\213\255\176\303\155\101\172\013}{chapter.3}% 28
\BOOKMARK [0][]{chapter.4}{\376\377\173\054\0004\172\340\000\040\000\040\000.\000\040\174\373\176\337\213\276\213\241\116\016\133\236\163\260}{}% 29
\BOOKMARK [1][-]{section.4.1}{\376\377\0004\000.\0001\000\040\133\236\232\214\163\257\130\203\116\016\145\164\117\123\150\106\147\266}{chapter.4}% 30
\BOOKMARK [2][-]{subsection.4.1.1}{\376\377\0004\000.\0001\000.\0001\000\040\162\151\164\006\137\025\144\316\120\132\232\330\174\276\136\246\122\250\122\233\133\146\116\377\167\037\377\014\155\361\136\246\133\146\116\140\152\041\127\127\165\050\000P\000y\000T\000o\000r\000c\000h}{section.4.1}% 31
\BOOKMARK [2][-]{subsection.4.1.2}{\376\377\0004\000.\0001\000.\0002\000\040\150\106\147\266\137\000\123\321\377\014\145\164\117\123\163\257\130\203\172\063\133\232\377\014\123\357\116\345\145\057\143\001\131\015\147\102\166\204\217\320\122\250\143\247\122\066\173\227\154\325\166\204\137\000\123\321\124\214\232\214\213\301\060\002\137\000\123\321\163\257\130\203\131\202\210\150\0002\142\100\171\072\060\002}{section.4.1}% 32
\BOOKMARK [1][-]{section.4.2}{\376\377\0004\000.\0002\000\040\150\070\137\303\122\237\200\375\152\041\127\127\133\236\163\260}{chapter.4}% 33
\BOOKMARK [2][-]{subsection.4.2.1}{\376\377\0004\000.\0002\000.\0001\000\040\217\320\122\250\145\160\143\156\131\004\164\006\152\041\127\127\133\236\163\260}{section.4.2}% 34
\BOOKMARK [2][-]{subsection.4.2.2}{\376\377\0004\000.\0002\000.\0002\000\040\122\115\124\021\217\320\122\250\133\146\116\016\217\320\122\250\143\247\122\066\152\041\127\127\133\236\163\260}{section.4.2}% 35
\BOOKMARK [2][-]{subsection.4.2.3}{\376\377\0004\000.\0002\000.\0003\000\040\116\377\167\037\116\016\213\304\117\060\152\041\127\127\133\236\163\260}{section.4.2}% 36
\BOOKMARK [1][-]{section.4.3}{\376\377\0004\000.\0003\000\040\165\037\162\151\124\010\164\006\140\047\176\246\147\137\133\236\163\260}{chapter.4}% 37
\BOOKMARK [1][-]{section.4.4}{\376\377\0004\000.\0004\000\040\174\373\176\337\217\320\210\114\145\110\147\234\155\113\213\325\116\016\122\006\147\220}{chapter.4}% 38
\BOOKMARK [2][-]{subsection.4.4.1}{\376\377\0004\000.\0004\000.\0001\000\040\200\242\117\123\217\320\122\250\122\006\147\220}{section.4.4}% 39
\BOOKMARK [2][-]{subsection.4.4.2}{\376\377\0004\000.\0004\000.\0002\000\040\131\126\122\261\121\375\145\160\117\030\123\026\145\110\147\234\122\006\147\220}{section.4.4}% 40
\BOOKMARK [2][-]{subsection.4.4.3}{\376\377\0004\000.\0004\000.\0003\000\040\173\227\154\325\221\317\123\026\133\371\153\324\133\236\232\214}{section.4.4}% 41
\BOOKMARK [0][]{chapter.5}{\376\377\173\054\0005\172\340\000\040\000\040\000.\000\040\140\073\176\323\116\016\134\125\147\033}{}% 42
\BOOKMARK [1][-]{section.5.1}{\376\377\0005\000.\0001\000\040\140\073\176\323}{chapter.5}% 43
\BOOKMARK [1][-]{section.5.2}{\376\377\0005\000.\0002\000\040\170\024\172\166\122\033\145\260\160\271}{chapter.5}% 44
\BOOKMARK [1][-]{section.5.3}{\376\377\0005\000.\0003\000\040\147\052\147\145\134\125\147\033}{chapter.5}% 45
\BOOKMARK [0][]{section.5.3}{\376\377\201\364\214\042}{}% 46
\BOOKMARK [0][]{chapter*.19}{\376\377\123\302\200\003\145\207\163\056}{}% 47
