\BOOKMARK [0][]{hutbchapter.1.0}{\376\377\142\111\230\165}{}% 1
\BOOKMARK [0][]{hutbchapter.2.0}{\376\377\130\360\146\016}{}% 2
\BOOKMARK [0][]{hutbchapter.3.0}{\376\377\116\055\145\207\144\130\211\201}{}% 3
\BOOKMARK [0][]{hutbchapter.4.0}{\376\377\202\361\145\207\144\130\211\201}{}% 4
\BOOKMARK [0][]{hutbchapter.5.0}{\376\377\166\356\137\125}{}% 5
\BOOKMARK [0][]{chapter.1}{\376\377\173\054\0001\172\340\000\040\000\040\176\352\213\272}{}% 6
\BOOKMARK [1][-]{section.1.1}{\376\377\0001\000.\0001\000\040\170\024\172\166\200\314\146\157\116\016\141\017\116\111}{chapter.1}% 7
\BOOKMARK [1][-]{section.1.2}{\376\377\0001\000.\0002\000\040\126\375\121\205\131\026\170\024\172\166\163\260\162\266}{chapter.1}% 8
\BOOKMARK [2][-]{subsection.1.2.1}{\376\377\0001\000.\0002\000.\0001\000\040\147\072\127\072\162\165\137\025\116\016\127\060\227\142\201\352\122\250\123\026\170\024\172\166\163\260\162\266}{section.1.2}% 9
\BOOKMARK [2][-]{subsection.1.2.2}{\376\377\0001\000.\0002\000.\0002\000\040\123\117\124\014\143\247\122\066\116\016\215\357\137\204\211\304\122\022\145\271\154\325\170\024\172\166\163\260\162\266}{section.1.2}% 10
\BOOKMARK [1][-]{section.1.3}{\376\377\0001\000.\0003\000\040\170\024\172\166\121\205\133\271\116\016\142\200\147\057\215\357\176\277}{chapter.1}% 11
\BOOKMARK [0][]{chapter.2}{\376\377\173\054\0002\172\340\000\040\000\040\147\072\127\072\162\165\137\025\217\146\217\206\174\373\176\337\136\372\152\041\116\016\225\356\230\230\164\006\213\272\127\372\170\100}{}% 12
\BOOKMARK [1][-]{section.2.1}{\376\377\0002\000.\0001\000\040\147\072\127\072\162\165\137\025\117\134\116\032\127\072\146\157\142\275\214\141}{chapter.2}% 13
\BOOKMARK [1][-]{section.2.2}{\376\377\0002\000.\0002\000\040\127\120\150\007\174\373\116\016\162\266\140\001\123\330\221\317\133\232\116\111}{chapter.2}% 14
\BOOKMARK [1][-]{section.2.3}{\376\377\0002\000.\0003\000\040\217\146\217\206\217\320\122\250\133\146\152\041\127\213\136\372\172\313}{chapter.2}% 15
\BOOKMARK [2][-]{subsection.2.3.1}{\376\377\0002\000.\0003\000.\0001\000\040\227\136\133\214\145\164\176\246\147\137\147\141\116\366}{section.2.3}% 16
\BOOKMARK [2][-]{subsection.2.3.2}{\376\377\0002\000.\0003\000.\0002\000\040\123\125\217\150\173\111\145\110\152\041\127\213}{section.2.3}% 17
\BOOKMARK [2][-]{subsection.2.3.3}{\376\377\0002\000.\0003\000.\0003\000\040\123\314\150\145\217\154\124\021\211\322\220\037\136\246\210\150\217\276\137\017}{section.2.3}% 18
\BOOKMARK [1][-]{section.2.4}{\376\377\0002\000.\0004\000\040\217\154\137\057\123\112\137\204\116\016\146\362\163\207\152\041\127\213}{chapter.2}% 19
\BOOKMARK [1][-]{section.2.5}{\376\377\0002\000.\0005\000\040\121\170\127\213\217\154\124\021\152\041\137\017\122\006\147\220}{chapter.2}% 20
\BOOKMARK [2][-]{subsection.2.5.1}{\376\377\0002\000.\0005\000.\0001\000\040\122\115\150\145\123\125\162\354\217\154\124\021\152\041\137\017}{section.2.5}% 21
\BOOKMARK [2][-]{subsection.2.5.2}{\376\377\0002\000.\0005\000.\0002\000\040\122\115\124\016\150\145\123\315\124\021\217\154\124\021\152\041\137\017}{section.2.5}% 22
\BOOKMARK [2][-]{subsection.2.5.3}{\376\377\0002\000.\0005\000.\0003\000\040\122\115\124\016\150\145\124\014\124\021\217\154\124\021\152\041\137\017}{section.2.5}% 23
\BOOKMARK [1][-]{section.2.6}{\376\377\0002\000.\0006\000\040\220\037\136\246\060\001\217\154\211\322\116\016\146\362\163\207\176\246\147\137\136\372\152\041}{chapter.2}% 24
\BOOKMARK [2][-]{subsection.2.6.1}{\376\377\0002\000.\0006\000.\0001\000\040\220\037\136\246\176\246\147\137}{section.2.6}% 25
\BOOKMARK [2][-]{subsection.2.6.2}{\376\377\0002\000.\0006\000.\0002\000\040\217\154\124\021\211\322\176\246\147\137}{section.2.6}% 26
\BOOKMARK [2][-]{subsection.2.6.3}{\376\377\0002\000.\0006\000.\0003\000\040\146\362\163\207\176\246\147\137}{section.2.6}% 27
\BOOKMARK [1][-]{section.2.7}{\376\377\0002\000.\0007\000\040\217\146\217\206\122\250\122\233\133\146\173\200\123\026\116\016\232\161\122\250\121\163\174\373}{chapter.2}% 28
\BOOKMARK [1][-]{section.2.8}{\376\377\0002\000.\0008\000\040\162\266\140\001\145\271\172\013\176\337\116\000\210\150\217\276}{chapter.2}% 29
\BOOKMARK [1][-]{section.2.9}{\376\377\0002\000.\0009\000\040\116\377\167\037\133\236\163\260\116\055\166\204\123\302\145\160\146\040\134\004\121\163\174\373}{chapter.2}% 30
\BOOKMARK [1][-]{section.2.10}{\376\377\0002\000.\0001\0000\000\040\147\054\172\340\134\017\176\323}{chapter.2}% 31
\BOOKMARK [0][]{chapter.3}{\376\377\173\054\0003\172\340\000\040\000\040\127\372\116\216\230\336\147\072\217\205\122\251\141\037\167\345\166\204\201\352\122\250\143\245\217\321\116\016\133\371\143\245\143\247\122\066\145\271\154\325}{}% 32
\BOOKMARK [1][-]{section.3.1}{\376\377\0003\000.\0001\000\040\141\037\167\345\116\373\122\241\122\006\147\220\116\016\140\073\117\123\145\271\150\110\213\276\213\241}{chapter.3}% 33
\BOOKMARK [1][-]{section.3.2}{\376\377\0003\000.\0002\000\040\230\336\147\072\217\205\122\251\141\037\167\345\166\356\150\007\116\016\213\306\122\053\117\341\140\157\213\276\213\241}{chapter.3}% 34
\BOOKMARK [1][-]{section.3.3}{\376\377\0003\000.\0003\000\040\141\037\167\345\174\373\176\337\176\304\142\020\116\016\117\040\141\037\126\150\221\115\177\156}{chapter.3}% 35
\BOOKMARK [2][-]{subsection.3.3.1}{\376\377\0003\000.\0003\000.\0001\000\040\211\306\211\311\213\306\122\053\152\041\127\127}{section.3.3}% 36
\BOOKMARK [2][-]{subsection.3.3.2}{\376\377\0003\000.\0003\000.\0002\000\040\217\321\215\335\155\113\221\317\152\041\127\127}{section.3.3}% 37
\BOOKMARK [1][-]{section.3.4}{\376\377\0003\000.\0004\000\040\166\356\150\007\216\253\116\375\170\156\213\244\152\041\127\213}{chapter.3}% 38
\BOOKMARK [1][-]{section.3.5}{\376\377\0003\000.\0005\000\040\166\370\133\371\117\115\131\377\141\037\167\345\152\041\127\213}{chapter.3}% 39
\BOOKMARK [1][-]{section.3.6}{\376\377\0003\000.\0006\000\040\217\321\215\335\171\273\140\001\122\277\141\037\167\345\116\016\133\211\121\150\122\044\133\232}{chapter.3}% 40
\BOOKMARK [1][-]{section.3.7}{\376\377\0003\000.\0007\000\040\141\037\167\345\155\101\172\013\213\276\213\241}{chapter.3}% 41
\BOOKMARK [1][-]{section.3.8}{\376\377\0003\000.\0008\000\040\143\247\122\066\116\373\122\241\143\317\217\360\116\016\140\073\117\123\140\035\215\357}{chapter.3}% 42
\BOOKMARK [1][-]{section.3.9}{\376\377\0003\000.\0009\000\040\162\266\140\001\123\330\221\317\060\001\143\247\122\066\217\223\121\145\116\016\213\357\135\356\133\232\116\111}{chapter.3}% 43
\BOOKMARK [2][-]{subsection.3.9.1}{\376\377\0003\000.\0009\000.\0001\000\040\217\146\217\206\162\266\140\001\116\016\143\247\122\066\217\223\121\145}{section.3.9}% 44
\BOOKMARK [2][-]{subsection.3.9.2}{\376\377\0003\000.\0009\000.\0002\000\040\141\037\167\345\213\357\135\356\143\245\123\343}{section.3.9}% 45
\BOOKMARK [1][-]{section.3.10}{\376\377\0003\000.\0001\0000\000\040\133\371\143\245\217\307\172\013\122\006\147\220\116\016\122\006\134\102\143\247\122\066\147\266\147\204}{chapter.3}% 46
\BOOKMARK [2][-]{subsection.3.10.1}{\376\377\0003\000.\0001\0000\000.\0001\000\040\133\371\143\245\217\307\172\013\122\006\226\066\153\265\143\317\217\360}{section.3.10}% 47
\BOOKMARK [2][-]{subsection.3.10.2}{\376\377\0003\000.\0001\0000\000.\0002\000\040\122\006\134\102\143\247\122\066\147\266\147\204}{section.3.10}% 48
\BOOKMARK [1][-]{section.3.11}{\376\377\0003\000.\0001\0001\000\040\213\357\135\356\122\250\122\233\133\146\152\041\127\213\136\372\172\313}{chapter.3}% 49
\BOOKMARK [2][-]{subsection.3.11.1}{\376\377\0003\000.\0001\0001\000.\0001\000\040\230\204\133\371\143\245\160\271\116\016\133\371\143\245\160\271\147\204\220\040}{section.3.11}% 50
\BOOKMARK [1][-]{section.3.12}{\376\377\0003\000.\0001\0002\000\040\123\302\200\003\220\037\136\246\214\003\136\246\173\126\165\145}{chapter.3}% 51
\BOOKMARK [1][-]{section.3.13}{\376\377\0003\000.\0001\0003\000\040\213\357\135\356\123\315\231\210\143\247\122\066\137\213\213\276\213\241}{chapter.3}% 52
\BOOKMARK [2][-]{subsection.3.13.1}{\376\377\0003\000.\0001\0003\000.\0001\000\040\176\265\124\021\220\037\136\246\143\247\122\066\137\213}{section.3.13}% 53
\BOOKMARK [2][-]{subsection.3.13.2}{\376\377\0003\000.\0001\0003\000.\0002\000\040\211\322\220\037\136\246\143\247\122\066\137\213}{section.3.13}% 54
\BOOKMARK [2][-]{subsection.3.13.3}{\376\377\0003\000.\0001\0003\000.\0003\000\040\133\371\143\245\217\307\172\013\116\055\166\204\143\247\122\066\210\114\116\072\122\006\147\220}{section.3.13}% 55
\BOOKMARK [1][-]{section.3.14}{\376\377\0003\000.\0001\0004\000\040\126\333\217\156\217\154\124\021\146\040\134\004\116\016\176\246\147\137\131\004\164\006}{chapter.3}% 56
\BOOKMARK [2][-]{subsection.3.14.1}{\376\377\0003\000.\0001\0004\000.\0001\000\040\146\362\163\207\213\241\173\227}{section.3.14}% 57
\BOOKMARK [2][-]{subsection.3.14.2}{\376\377\0003\000.\0001\0004\000.\0002\000\040\123\314\150\145\123\315\124\021\217\154\124\021\152\041\137\017}{section.3.14}% 58
\BOOKMARK [2][-]{subsection.3.14.3}{\376\377\0003\000.\0001\0004\000.\0003\000\040\122\115\150\145\123\125\217\154\124\021\152\041\137\017}{section.3.14}% 59
\BOOKMARK [2][-]{subsection.3.14.4}{\376\377\0003\000.\0001\0004\000.\0004\000\040\220\037\136\246\116\016\217\154\211\322\226\120\136\105}{section.3.14}% 60
\BOOKMARK [1][-]{section.3.15}{\376\377\0003\000.\0001\0005\000\040\176\310\172\357\120\134\217\146\122\044\133\232\116\016\152\041\137\017\122\007\143\142}{chapter.3}% 61
\BOOKMARK [2][-]{subsection.3.15.1}{\376\377\0003\000.\0001\0005\000.\0001\000\040\176\310\172\357\120\134\217\146\226\306\124\010}{section.3.15}% 62
\BOOKMARK [2][-]{subsection.3.15.2}{\376\377\0003\000.\0001\0005\000.\0002\000\040\152\041\137\017\122\007\143\142\211\304\122\031}{section.3.15}% 63
\BOOKMARK [1][-]{section.3.16}{\376\377\0003\000.\0001\0006\000\040\143\247\122\066\173\227\154\325\116\073\155\101\172\013}{chapter.3}% 64
\BOOKMARK [1][-]{section.3.17}{\376\377\0003\000.\0001\0007\000\040\147\054\172\340\134\017\176\323}{chapter.3}% 65
\BOOKMARK [0][]{chapter.4}{\376\377\173\054\0004\172\340\000\040\000\040\116\377\167\037\174\373\176\337\147\204\136\372\116\016\133\236\163\260}{}% 66
\BOOKMARK [1][-]{section.4.1}{\376\377\0004\000.\0001\000\040\174\373\176\337\140\073\117\123\147\266\147\204\116\016\217\157\170\154\116\366\163\257\130\203}{chapter.4}% 67
\BOOKMARK [1][-]{section.4.2}{\376\377\0004\000.\0002\000\040\162\165\137\025\217\146\152\041\127\213\116\016\117\040\141\037\126\150\136\372\152\041}{chapter.4}% 68
\BOOKMARK [1][-]{section.4.3}{\376\377\0004\000.\0003\000\040\116\373\122\241\116\016\152\041\137\017\173\241\164\006}{chapter.4}% 69
\BOOKMARK [1][-]{section.4.4}{\376\377\0004\000.\0004\000\040\174\373\176\337\121\150\155\101\172\013\155\113\213\325}{chapter.4}% 70
\BOOKMARK [1][-]{section.4.5}{\376\377\0004\000.\0005\000\040\147\054\145\207\145\271\154\325\116\016\116\272\135\345\144\315\117\134\116\345\123\312\121\166\133\203\145\271\154\325\133\371\153\324\122\006\147\220}{chapter.4}% 71
\BOOKMARK [2][-]{subsection.4.5.1}{\376\377\0004\000.\0005\000.\0001\000\040\116\016\117\040\176\337\116\272\135\345\162\165\137\025\145\271\137\017\166\204\153\324\217\203}{section.4.5}% 72
\BOOKMARK [2][-]{subsection.4.5.2}{\376\377\0004\000.\0005\000.\0002\000\040\116\016\126\372\133\232\215\357\137\204\142\026\137\000\163\257\201\032\147\054\143\247\122\066\145\271\137\017\166\204\153\324\217\203}{section.4.5}% 73
\BOOKMARK [2][-]{subsection.4.5.3}{\376\377\0004\000.\0005\000.\0003\000\040\116\016\136\070\211\301\215\357\137\204\215\337\216\052\173\227\154\325\166\204\153\324\217\203}{section.4.5}% 74
\BOOKMARK [2][-]{subsection.4.5.4}{\376\377\0004\000.\0005\000.\0004\000\040\133\371\153\324\176\323\147\234\140\073\176\323}{section.4.5}% 75
\BOOKMARK [1][-]{section.4.6}{\376\377\0004\000.\0006\000\040\147\054\172\340\134\017\176\323}{chapter.4}% 76
\BOOKMARK [0][]{chapter.5}{\376\377\173\054\0005\172\340\000\040\000\040\140\073\176\323\116\016\134\125\147\033}{}% 77
\BOOKMARK [1][-]{section.5.1}{\376\377\0005\000.\0001\000\040\140\073\176\323}{chapter.5}% 78
\BOOKMARK [1][-]{section.5.2}{\376\377\0005\000.\0002\000\040\134\125\147\033}{chapter.5}% 79
\BOOKMARK [0][]{section.5.2}{\376\377\201\364\214\042}{}% 80
\BOOKMARK [0][]{chapter*.42}{\376\377\123\302\200\003\145\207\163\056}{}% 81
\BOOKMARK [0][]{appendix.A}{\376\377\226\104\137\125\000\040\000A\000\040\000\040\116\073\211\201\173\046\123\367\060\001\177\051\121\231\213\364\146\016\060\001\145\271\154\325\133\371\153\324\210\150\150\074}{}% 82
\BOOKMARK [0][]{appendix.B}{\376\377\226\104\137\125\000\040\000B\000\040\000\040\000R\000O\000S\000-\000G\000a\000z\000e\000b\000o\116\377\167\037\174\373\176\337\116\073\211\201\124\175\116\344\116\016\201\352\122\250\162\165\137\025\117\134\116\032\150\070\137\303\202\202\220\011}{}% 83
