\BOOKMARK [0][]{hutbchapter.1.0}{\376\377\142\111\230\165}{}% 1
\BOOKMARK [0][]{hutbchapter.2.0}{\376\377\130\360\146\016}{}% 2
\BOOKMARK [0][]{hutbchapter.3.0}{\376\377\116\055\145\207\144\130\211\201}{}% 3
\BOOKMARK [0][]{hutbchapter.4.0}{\376\377\202\361\145\207\144\130\211\201}{}% 4
\BOOKMARK [0][]{hutbchapter.5.0}{\376\377\166\356\137\125}{}% 5
\BOOKMARK [0][]{chapter.1}{\376\377\173\054\0001\172\340\000\040\000\040\176\352\213\272}{}% 6
\BOOKMARK [1][-]{section.1.1}{\376\377\0001\000.\0001\000\040\170\024\172\166\200\314\146\157\124\214\170\024\172\166\141\017\116\111}{chapter.1}% 7
\BOOKMARK [2][-]{subsection.1.1.1}{\376\377\0001\000.\0001\000.\0001\000\040\170\024\172\166\200\314\146\157}{section.1.1}% 8
\BOOKMARK [2][-]{subsection.1.1.2}{\376\377\0001\000.\0001\000.\0002\000\040\170\024\172\166\141\017\116\111}{section.1.1}% 9
\BOOKMARK [1][-]{section.1.2}{\376\377\0001\000.\0002\000\040\126\375\121\205\131\026\170\024\172\166\122\250\140\001}{chapter.1}% 10
\BOOKMARK [2][-]{subsection.1.2.1}{\376\377\0001\000.\0002\000.\0001\000\040\126\375\131\026\170\024\172\166\122\250\140\001}{section.1.2}% 11
\BOOKMARK [2][-]{subsection.1.2.2}{\376\377\0001\000.\0002\000.\0002\000\040\126\375\121\205\170\024\172\166\122\250\140\001}{section.1.2}% 12
\BOOKMARK [1][-]{section.1.3}{\376\377\0001\000.\0003\000\040\170\024\172\166\121\205\133\271\116\016\145\271\154\325}{chapter.1}% 13
\BOOKMARK [0][]{chapter.2}{\376\377\173\054\0002\172\340\000\040\000\040\166\370\121\163\145\207\163\056\176\374\217\360}{}% 14
\BOOKMARK [1][-]{section.2.1}{\376\377\0002\000.\0001\000\040\131\032\166\356\150\007\215\337\216\052\142\200\147\057\123\321\134\125\123\206\172\013}{chapter.2}% 15
\BOOKMARK [2][-]{subsection.2.1.1}{\376\377\0002\000.\0001\000.\0001\000\040\145\351\147\037\166\204\131\032\166\356\150\007\215\337\216\052\145\271\154\325}{section.2.1}% 16
\BOOKMARK [2][-]{subsection.2.1.2}{\376\377\0002\000.\0001\000.\0002\000\040\127\372\116\216\145\160\143\156\121\163\200\124\166\204\131\032\166\356\150\007\215\337\216\052\145\271\154\325}{section.2.1}% 17
\BOOKMARK [2][-]{subsection.2.1.3}{\376\377\0002\000.\0001\000.\0003\000\040\127\372\116\216\155\361\136\246\133\146\116\140\166\204\131\032\166\356\150\007\215\337\216\052\145\271\154\325}{section.2.1}% 18
\BOOKMARK [1][-]{section.2.2}{\376\377\0002\000.\0002\000\040\146\172\141\147\116\244\220\032\174\373\176\337\116\055\166\204\131\032\166\356\150\007\215\337\216\052\136\224\165\050}{chapter.2}% 19
\BOOKMARK [2][-]{subsection.2.2.1}{\376\377\0002\000.\0002\000.\0001\000\040\116\244\220\032\155\101\221\317\166\321\155\113}{section.2.2}% 20
\BOOKMARK [2][-]{subsection.2.2.2}{\376\377\0002\000.\0002\000.\0002\000\040\146\172\200\375\232\176\232\166\217\205\122\251}{section.2.2}% 21
\BOOKMARK [2][-]{subsection.2.2.3}{\376\377\0002\000.\0002\000.\0003\000\040\116\244\220\032\116\213\116\366\230\204\213\146}{section.2.2}% 22
\BOOKMARK [1][-]{section.2.3}{\376\377\0002\000.\0003\000\040\163\260\127\050\131\032\166\356\150\007\215\337\216\052\173\227\154\325\166\204\117\030\177\072\160\271\122\006\147\220}{chapter.2}% 23
\BOOKMARK [2][-]{subsection.2.3.1}{\376\377\0002\000.\0003\000.\0001\000\040\117\030\160\271}{section.2.3}% 24
\BOOKMARK [2][-]{subsection.2.3.2}{\376\377\0002\000.\0003\000.\0002\000\040\177\072\160\271}{section.2.3}% 25
\BOOKMARK [0][]{chapter.3}{\376\377\173\054\0003\172\340\000\040\000\040\170\024\172\166\145\271\154\325}{}% 26
\BOOKMARK [1][-]{section.3.1}{\376\377\0003\000.\0001\000\040\145\160\143\156\145\066\226\306\116\016\230\204\131\004\164\006}{chapter.3}% 27
\BOOKMARK [2][-]{subsection.3.1.1}{\376\377\0003\000.\0001\000.\0001\000\040\127\372\116\216\116\377\167\037\127\072\146\157\000T\000o\000w\000n\0001\0000\166\204\116\244\220\032\127\072\146\157\211\306\230\221\145\066\226\306}{section.3.1}% 28
\BOOKMARK [2][-]{subsection.3.1.2}{\376\377\0003\000.\0001\000.\0002\000\040\116\316\152\041\142\337\126\150\116\055\203\267\123\326\000G\000r\000o\000u\000n\000d\000\040\000T\000r\000u\000t\000h\145\160\143\156}{section.3.1}% 29
\BOOKMARK [1][-]{section.3.2}{\376\377\0003\000.\0002\000\040\131\004\164\006\217\150\217\371\145\160\143\156}{chapter.3}% 30
\BOOKMARK [2][-]{subsection.3.2.1}{\376\377\0003\000.\0002\000.\0001\000\040\145\066\226\306\217\150\217\371\127\120\150\007\145\160\143\156}{section.3.2}% 31
\BOOKMARK [2][-]{subsection.3.2.2}{\376\377\0003\000.\0002\000.\0002\000\040\217\150\217\371\127\120\150\007\145\160\143\156\230\204\131\004\164\006}{section.3.2}% 32
\BOOKMARK [2][-]{subsection.3.2.3}{\376\377\0003\000.\0002\000.\0003\000\040\203\267\123\326\217\154\123\026\217\150\217\371\127\120\150\007\145\160\143\156}{section.3.2}% 33
\BOOKMARK [2][-]{subsection.3.2.4}{\376\377\0003\000.\0002\000.\0004\000\040\217\150\217\371\127\120\150\007\121\215\213\306\122\053}{section.3.2}% 34
\BOOKMARK [1][-]{section.3.3}{\376\377\0003\000.\0003\000\040\217\150\217\371\230\204\155\113\122\006\147\220}{chapter.3}% 35
\BOOKMARK [2][-]{subsection.3.3.1}{\376\377\0003\000.\0003\000.\0001\000\040\163\260\147\011\150\300\155\113\215\337\216\052\152\041\127\213\166\204\122\006\147\220}{section.3.3}% 36
\BOOKMARK [2][-]{subsection.3.3.2}{\376\377\0003\000.\0003\000.\0002\000\040\152\041\127\213\117\030\123\026\173\126\165\145\116\016\145\271\154\325}{section.3.3}% 37
\BOOKMARK [2][-]{subsection.3.3.3}{\376\377\0003\000.\0003\000.\0003\000\040\140\047\200\375\143\007\150\007\166\204\220\011\142\351\116\016\133\232\116\111}{section.3.3}% 38
\BOOKMARK [0][]{chapter.4}{\376\377\173\054\0004\172\340\000\040\000\040\133\236\232\214\163\257\130\203\144\055\136\372}{}% 39
\BOOKMARK [1][-]{section.4.1}{\376\377\0004\000.\0001\000\040\116\377\167\037\163\257\130\203\221\115\177\156}{chapter.4}% 40
\BOOKMARK [2][-]{subsection.4.1.1}{\376\377\0004\000.\0001\000.\0001\000\040\000C\000a\000r\000l\000a\000\040\116\377\167\037\136\163\123\360}{section.4.1}% 41
\BOOKMARK [2][-]{subsection.4.1.2}{\376\377\0004\000.\0001\000.\0002\000\040\000P\000y\000c\000h\000a\000r\000m\163\257\130\203\221\115\177\156}{section.4.1}% 42
\BOOKMARK [2][-]{subsection.4.1.3}{\376\377\0004\000.\0001\000.\0003\000\040\000M\000a\000t\000l\000a\000b\163\257\130\203\221\115\177\156}{section.4.1}% 43
\BOOKMARK [1][-]{section.4.2}{\376\377\0004\000.\0002\000\040\133\236\232\214\213\276\131\007\116\016\217\157\116\366\135\345\121\167}{chapter.4}% 44
\BOOKMARK [2][-]{subsection.4.2.1}{\376\377\0004\000.\0002\000.\0001\000\040\170\154\116\366\213\276\131\007}{section.4.2}% 45
\BOOKMARK [2][-]{subsection.4.2.2}{\376\377\0004\000.\0002\000.\0002\000\040\217\157\116\366\135\345\121\167}{section.4.2}% 46
\BOOKMARK [0][]{chapter.5}{\376\377\173\054\0005\172\340\000\040\000\040\133\236\232\214\217\307\172\013}{}% 47
\BOOKMARK [1][-]{section.5.1}{\376\377\0005\000.\0001\000\040\127\372\170\100\143\247\122\066}{chapter.5}% 48
\BOOKMARK [2][-]{subsection.5.1.1}{\376\377\0005\000.\0001\000.\0001\000\040\217\150\217\371\136\163\156\321\143\247\122\066}{section.5.1}% 49
\BOOKMARK [2][-]{subsection.5.1.2}{\376\377\0005\000.\0001\000.\0002\000\040\133\236\163\260\153\145\232\244}{section.5.1}% 50
\BOOKMARK [2][-]{subsection.5.1.3}{\376\377\0005\000.\0001\000.\0003\000\040\000P\000I\000D\000\040\143\247\122\066}{section.5.1}% 51
\BOOKMARK [1][-]{section.5.2}{\376\377\0005\000.\0002\000\040\127\372\116\216\226\367\217\276\124\214\166\370\147\072\203\267\123\326\134\017\217\146\127\120\150\007\145\160\143\156}{chapter.5}% 52
\BOOKMARK [2][-]{subsection.5.2.1}{\376\377\0005\000.\0002\000.\0001\000\040\157\300\121\111\226\367\217\276\150\300\155\113}{section.5.2}% 53
\BOOKMARK [2][-]{subsection.5.2.2}{\376\377\0005\000.\0002\000.\0002\000\040\157\300\121\111\226\367\217\276\124\214\144\104\120\317\131\064\145\160\143\156\166\204\133\371\214\141\176\247\207\215\124\010}{section.5.2}% 54
\BOOKMARK [2][-]{subsection.5.2.3}{\376\377\0005\000.\0002\000.\0003\000\040\000R\000e\000-\000I\000D\177\121\176\334\121\215\213\306\122\053}{section.5.2}% 55
\BOOKMARK [2][-]{subsection.5.2.4}{\376\377\0005\000.\0002\000.\0004\000\040\215\357\123\343\225\364\217\146\217\206\217\150\217\371\123\071\221\115}{section.5.2}% 56
\BOOKMARK [2][-]{subsection.5.2.5}{\376\377\0005\000.\0002\000.\0005\000\040\221\315\131\015\116\012\217\360\153\145\232\244}{section.5.2}% 57
\BOOKMARK [1][-]{section.5.3}{\376\377\0005\000.\0003\000\040\134\017\217\146\217\150\217\371\131\015\163\260}{chapter.5}% 58
\BOOKMARK [2][-]{subsection.5.3.1}{\376\377\0005\000.\0003\000.\0001\000\040\133\371\217\150\217\371\145\160\143\156\166\204\117\030\123\026}{section.5.3}% 59
\BOOKMARK [2][-]{subsection.5.3.2}{\376\377\0005\000.\0003\000.\0002\000\040\127\120\150\007\145\160\143\156\121\215\131\004\164\006}{section.5.3}% 60
\BOOKMARK [2][-]{subsection.5.3.3}{\376\377\0005\000.\0003\000.\0003\000\040\137\000\131\313\131\015\163\260}{section.5.3}% 61
\BOOKMARK [1][-]{section.5.4}{\376\377\0005\000.\0004\000\040\176\323\147\234\122\006\147\220}{chapter.5}% 62
\BOOKMARK [2][-]{subsection.5.4.1}{\376\377\0005\000.\0004\000.\0001\000\040\176\323\147\234\140\047\200\375\122\006\147\220}{section.5.4}% 63
\BOOKMARK [2][-]{subsection.5.4.2}{\376\377\0005\000.\0004\000.\0002\000\040\152\041\127\213\117\030\123\026}{section.5.4}% 64
\BOOKMARK [0][]{chapter.6}{\376\377\173\054\0006\172\340\000\040\000\040\147\054\230\171\166\356\166\204\122\033\145\260\160\271}{}% 65
\BOOKMARK [1][-]{section.6.1}{\376\377\0006\000.\0001\000\040\131\032\152\041\140\001\117\040\141\037\126\150\207\215\124\010\173\126\165\145\166\204\122\033\145\260\136\224\165\050}{chapter.6}% 66
\BOOKMARK [2][-]{subsection.6.1.1}{\376\377\0006\000.\0001\000.\0001\000\040\145\160\143\156\207\215\124\010\142\200\147\057}{section.6.1}% 67
\BOOKMARK [2][-]{subsection.6.1.2}{\376\377\0006\000.\0001\000.\0002\000\040\215\350\152\041\140\001\162\171\137\201\116\222\210\145}{section.6.1}% 68
\BOOKMARK [1][-]{section.6.2}{\376\377\0006\000.\0002\000\040\150\300\155\113\215\337\216\052\152\041\127\213\166\204\117\030\123\026\116\016\140\047\200\375\172\201\170\064}{chapter.6}% 69
\BOOKMARK [2][-]{subsection.6.2.1}{\376\377\0006\000.\0002\000.\0001\000\040\152\041\127\213\176\323\147\204\116\016\123\302\145\160\117\030\123\026}{section.6.2}% 70
\BOOKMARK [2][-]{subsection.6.2.2}{\376\377\0006\000.\0002\000.\0002\000\040\137\072\123\026\133\146\116\140\116\016\121\103\133\146\116\140\176\323\124\010}{section.6.2}% 71
\BOOKMARK [1][-]{section.6.3}{\376\377\0006\000.\0003\000\040\215\350\144\104\120\317\131\064\166\356\150\007\121\215\213\306\122\053\116\016\217\150\217\371\142\374\143\245\142\200\147\057}{chapter.6}% 72
\BOOKMARK [2][-]{subsection.6.3.1}{\376\377\0006\000.\0003\000.\0001\000\040\000R\000e\000-\000I\000D\000\040\177\121\176\334\166\204\133\232\122\066\123\026\213\255\176\303}{section.6.3}% 73
\BOOKMARK [2][-]{subsection.6.3.2}{\376\377\0006\000.\0003\000.\0002\000\040\131\032\215\357\123\343\217\150\217\371\123\071\221\115\173\227\154\325}{section.6.3}% 74
\BOOKMARK [1][-]{section.6.4}{\376\377\0006\000.\0004\000\040\135\345\172\013\123\026\116\016\133\236\226\105\136\224\165\050\166\204\143\242\175\042}{chapter.6}% 75
\BOOKMARK [2][-]{subsection.6.4.1}{\376\377\0006\000.\0004\000.\0001\000\040\152\041\127\127\123\026\174\373\176\337\213\276\213\241}{section.6.4}% 76
\BOOKMARK [2][-]{subsection.6.4.2}{\376\377\0006\000.\0004\000.\0002\000\040\145\160\133\127\133\152\165\037\116\016\127\316\136\002\176\247\136\224\165\050}{section.6.4}% 77
\BOOKMARK [0][]{chapter.7}{\376\377\173\054\0007\172\340\000\040\000\040\140\073\176\323}{}% 78
\BOOKMARK [1][-]{section.7.1}{\376\377\0007\000.\0001\000\040\213\376\230\230\135\345\117\134\140\073\176\323}{chapter.7}% 79
\BOOKMARK [2][-]{subsection.7.1.1}{\376\377\0007\000.\0001\000.\0001\000\040\140\073\117\123}{section.7.1}% 80
\BOOKMARK [2][-]{subsection.7.1.2}{\376\377\0007\000.\0001\000.\0002\000\040\133\236\226\105\136\224\165\050\145\271\227\142}{section.7.1}% 81
\BOOKMARK [1][-]{section.7.2}{\376\377\0007\000.\0002\000\040\170\024\172\166\116\055\166\204\116\015\215\263}{chapter.7}% 82
\BOOKMARK [2][-]{subsection.7.2.1}{\376\377\0007\000.\0002\000.\0001\000\040\145\160\143\156\226\306\166\204\131\032\150\067\140\047\116\015\215\263}{section.7.2}% 83
\BOOKMARK [2][-]{subsection.7.2.2}{\376\377\0007\000.\0002\000.\0002\000\040\152\041\127\213\166\204\133\236\145\366\140\047\147\011\137\205\143\320\232\330}{section.7.2}% 84
\BOOKMARK [2][-]{subsection.7.2.3}{\376\377\0007\000.\0002\000.\0003\000\040\177\072\116\117\133\371\116\244\220\032\210\114\116\072\166\204\155\361\121\145\122\006\147\220}{section.7.2}% 85
\BOOKMARK [1][-]{section.7.3}{\376\377\0007\000.\0003\000\040\133\371\116\216\116\015\215\263\166\204\134\125\147\033}{chapter.7}% 86
\BOOKMARK [2][-]{subsection.7.3.1}{\376\377\0007\000.\0003\000.\0001\000\040\131\032\176\364\136\246\167\037\133\236\127\072\146\157\145\160\143\156\221\307\226\306}{section.7.3}% 87
\BOOKMARK [2][-]{subsection.7.3.2}{\376\377\0007\000.\0003\000.\0002\000\040\217\173\221\317\123\026\152\041\127\213\213\276\213\241\116\016\213\241\173\227\145\110\163\207\117\030\123\026}{section.7.3}% 88
\BOOKMARK [2][-]{subsection.7.3.3}{\376\377\0007\000.\0003\000.\0003\000\040\131\032\152\041\140\001\145\160\143\156\207\215\124\010\142\200\147\057\166\204\155\361\123\026\170\024\172\166\116\016\122\033\145\260\215\357\137\204}{section.7.3}% 89
\BOOKMARK [0][]{subsection.7.3.3}{\376\377\123\302\200\003\145\207\163\056}{}% 90
\BOOKMARK [0][]{appendix.A}{\376\377\226\104\137\125\000\040\000A\000\040\000\040}{}% 91
\BOOKMARK [1][-]{section.A.1}{\376\377\000A\000.\0001\000\040\116\343\170\001\000D\000r\000i\000v\000e\000d\000.\000p\000y\121\163\225\056\220\350\122\006}{appendix.A}% 92
\BOOKMARK [1][-]{section.A.2}{\376\377\000A\000.\0002\000\040\116\343\170\001\000c\000o\000l\000l\000e\000c\000t\000\040\000l\000i\000d\000a\000r\000\040\000d\000a\000t\000a\000s\000e\000t\000.\000p\000y\121\163\225\056\220\350\122\006}{appendix.A}% 93
\BOOKMARK [1][-]{section.A.3}{\376\377\000A\000.\0003\000\040\116\343\170\001\000c\000o\000l\000l\000e\000c\000t\000\040\000i\000n\000t\000e\000r\000s\000e\000c\000t\000i\000o\000n\000\040\000c\000a\000m\000e\000r\000a\000\040\000l\000i\000d\000a\000r\000.\000p\000y\121\163\225\056\220\350\122\006}{appendix.A}% 94
\BOOKMARK [1][-]{section.A.4}{\376\377\000A\000.\0004\000\040\116\343\170\001\000c\000o\000l\000l\000e\000c\000t\000\040\000r\000e\000i\000d\000\040\000d\000a\000t\000a\000s\000e\000t\000.\000p\000y\121\163\225\056\220\350\122\006}{appendix.A}% 95
\BOOKMARK [1][-]{section.A.5}{\376\377\000A\000.\0005\000\040\116\343\170\001\000D\000E\000M\000O\000.\000m\121\163\225\056\220\350\122\006}{appendix.A}% 96
